2024-12-07T09:36:51.792326+00:00 INFO 'ansible_navigator.setup_logger' New ansible-navigator instance, logging initialized
2024-12-07T09:36:51.792661+00:00 INFO 'ansible_navigator.setup_logger' New ansible-runner instance, logging initialized
2024-12-07T09:36:51.792748+00:00 DEBUG 'ansible_navigator.main' ansible-builder==1.1.0 /usr/lib/python3.9/site-packages
2024-12-07T09:36:51.792787+00:00 DEBUG 'ansible_navigator.main' ansible-core==2.13.4 /usr/lib/python3.9/site-packages
2024-12-07T09:36:51.792812+00:00 DEBUG 'ansible_navigator.main' ansible-navigator==2.1.0 /usr/lib/python3.9/site-packages
2024-12-07T09:36:51.792833+00:00 DEBUG 'ansible_navigator.main' ansible-runner==2.2.1 /usr/lib/python3.9/site-packages
2024-12-07T09:36:51.792852+00:00 DEBUG 'ansible_navigator.main' attrs==21.4.0 /usr/lib/python3.9/site-packages
2024-12-07T09:36:51.792872+00:00 DEBUG 'ansible_navigator.main' bindep==2.10.2 /usr/lib/python3.9/site-packages
2024-12-07T09:36:51.792892+00:00 DEBUG 'ansible_navigator.main' cffi==1.14.3 /usr/lib64/python3.9/site-packages
2024-12-07T09:36:51.792938+00:00 DEBUG 'ansible_navigator.main' cryptography==3.3.1 /usr/lib64/python3.9/site-packages
2024-12-07T09:36:51.792967+00:00 DEBUG 'ansible_navigator.main' distro==1.6.0 /usr/lib/python3.9/site-packages
2024-12-07T09:36:51.792987+00:00 DEBUG 'ansible_navigator.main' docutils==0.16 /usr/lib/python3.9/site-packages
2024-12-07T09:36:51.793007+00:00 DEBUG 'ansible_navigator.main' idna==2.10 /usr/lib/python3.9/site-packages
2024-12-07T09:36:51.793026+00:00 DEBUG 'ansible_navigator.main' importlib-metadata==4.10.1 /usr/lib/python3.9/site-packages
2024-12-07T09:36:51.793045+00:00 DEBUG 'ansible_navigator.main' jinja2==3.0.3 /usr/lib/python3.9/site-packages
2024-12-07T09:36:51.793063+00:00 DEBUG 'ansible_navigator.main' jsonschema==4.6.0 /usr/lib/python3.9/site-packages
2024-12-07T09:36:51.793083+00:00 DEBUG 'ansible_navigator.main' lockfile==0.12.2 /usr/lib/python3.9/site-packages
2024-12-07T09:36:51.793102+00:00 DEBUG 'ansible_navigator.main' markupsafe==2.1.0 /usr/lib64/python3.9/site-packages
2024-12-07T09:36:51.793121+00:00 DEBUG 'ansible_navigator.main' onigurumacffi==1.1.0 /usr/lib64/python3.9/site-packages
2024-12-07T09:36:51.793139+00:00 DEBUG 'ansible_navigator.main' packaging==21.3 /usr/lib/python3.9/site-packages
2024-12-07T09:36:51.793158+00:00 DEBUG 'ansible_navigator.main' parsley==1.3 /usr/lib/python3.9/site-packages
2024-12-07T09:36:51.793177+00:00 DEBUG 'ansible_navigator.main' pbr==5.8.1 /usr/lib/python3.9/site-packages
2024-12-07T09:36:51.793196+00:00 DEBUG 'ansible_navigator.main' pexpect==4.8.0 /usr/lib/python3.9/site-packages
2024-12-07T09:36:51.793215+00:00 DEBUG 'ansible_navigator.main' pip==20.2.4 /usr/lib/python3.9/site-packages
2024-12-07T09:36:51.793234+00:00 DEBUG 'ansible_navigator.main' ply==3.11 /usr/lib/python3.9/site-packages
2024-12-07T09:36:51.793253+00:00 DEBUG 'ansible_navigator.main' ptyprocess==0.6.0 /usr/lib/python3.9/site-packages
2024-12-07T09:36:51.793272+00:00 DEBUG 'ansible_navigator.main' pycparser==2.20 /usr/lib/python3.9/site-packages
2024-12-07T09:36:51.793290+00:00 DEBUG 'ansible_navigator.main' pyparsing==2.4.7 /usr/lib/python3.9/site-packages
2024-12-07T09:36:51.793309+00:00 DEBUG 'ansible_navigator.main' pyrsistent==0.18.1 /usr/lib64/python3.9/site-packages
2024-12-07T09:36:51.793328+00:00 DEBUG 'ansible_navigator.main' python-daemon==2.3.0 /usr/lib/python3.9/site-packages
2024-12-07T09:36:51.793347+00:00 DEBUG 'ansible_navigator.main' pyyaml==5.4.1 /usr/lib64/python3.9/site-packages
2024-12-07T09:36:51.793366+00:00 DEBUG 'ansible_navigator.main' requirements-parser==0.2.0 /usr/lib/python3.9/site-packages
2024-12-07T09:36:51.793385+00:00 DEBUG 'ansible_navigator.main' resolvelib==0.5.4 /usr/lib/python3.9/site-packages
2024-12-07T09:36:51.793404+00:00 DEBUG 'ansible_navigator.main' setuptools==50.3.2 /usr/lib/python3.9/site-packages
2024-12-07T09:36:51.793422+00:00 DEBUG 'ansible_navigator.main' six==1.15.0 /usr/lib/python3.9/site-packages
2024-12-07T09:36:51.793441+00:00 DEBUG 'ansible_navigator.main' typing-extensions==3.10.0.2 /usr/lib/python3.9/site-packages
2024-12-07T09:36:51.793478+00:00 DEBUG 'ansible_navigator.main' zipp==3.4.0 /usr/lib/python3.9/site-packages
2024-12-07T09:36:51.793499+00:00 DEBUG 'ansible_navigator.main' Share directory '/usr/lib/python3.9/share/ansible_navigator' not found (development path)
2024-12-07T09:36:51.793519+00:00 DEBUG 'ansible_navigator.main' Share directory '/home/student/.local/share/ansible_navigator' not found (userbase)
2024-12-07T09:36:51.793538+00:00 DEBUG 'ansible_navigator.main' Share directory '/usr/share/ansible_navigator' found (sys.prefix)
2024-12-07T09:36:51.793557+00:00 DEBUG 'ansible_navigator.main' Default collection_doc_cache_path set to: /home/student/.cache/ansible-navigator/collection_doc_cache.db
2024-12-07T09:36:51.793577+00:00 DEBUG 'ansible_navigator.main' EDITOR environment variable not set
2024-12-07T09:36:51.793597+00:00 DEBUG 'ansible_navigator.main' Default editor_command set to: vi +{line_number} {filename}
2024-12-07T09:36:51.793616+00:00 DEBUG 'ansible_navigator.main' No config file set by ANSIBLE_NAVIGATOR_CONFIG
2024-12-07T09:36:51.793635+00:00 DEBUG 'ansible_navigator.main' Looking in /home/student
2024-12-07T09:36:51.793654+00:00 DEBUG 'ansible_navigator.main' Looking for '/home/student/.ansible-navigator.yml', '/home/student/.ansible-navigator.yaml' and '/home/student/.ansible-navigator.json'
2024-12-07T09:36:51.793684+00:00 DEBUG 'ansible_navigator.main' Found 0: 
2024-12-07T09:36:51.793708+00:00 DEBUG 'ansible_navigator.main' Looking in /home/student/web_server
2024-12-07T09:36:51.793727+00:00 DEBUG 'ansible_navigator.main' Looking for '/home/student/web_server/ansible-navigator.yml', '/home/student/web_server/ansible-navigator.yaml' and '/home/student/web_server/ansible-navigator.json'
2024-12-07T09:36:51.793748+00:00 DEBUG 'ansible_navigator.main' Found 0: 
2024-12-07T09:36:51.793767+00:00 DEBUG 'ansible_navigator.main' All found 0: 
2024-12-07T09:36:51.793796+00:00 DEBUG 'ansible_navigator.main' Using: None
2024-12-07T09:36:51.793816+00:00 DEBUG 'ansible_navigator.main' No valid settings file found, using all default values for settings.
2024-12-07T09:36:51.793835+00:00 DEBUG 'ansible_navigator.main' Command provided: 'run alias.yml -m stdoud --eei ee-supported-rhel8:latest'
2024-12-07T09:36:51.793855+00:00 DEBUG 'ansible_navigator.main' EE support enabled: using current working directory for 'ansible.cfg'
2024-12-07T09:36:51.793874+00:00 INFO 'ansible_navigator.main' EE support enabled: found 'ansible.cfg' in current working directory.
2024-12-07T09:36:51.793893+00:00 DEBUG 'ansible_navigator.main' Completed post processing for ansible_runner_artifact_dir. (changed=False)
2024-12-07T09:36:51.793922+00:00 DEBUG 'ansible_navigator.main' Completed post processing for ansible_runner_rotate_artifacts_count. (changed=False)
2024-12-07T09:36:51.793941+00:00 DEBUG 'ansible_navigator.main' Completed post processing for ansible_runner_timeout. (changed=False)
2024-12-07T09:36:51.793960+00:00 DEBUG 'ansible_navigator.main' Completed post processing for cmdline. (changed=False)
2024-12-07T09:36:51.793979+00:00 DEBUG 'ansible_navigator.main' Completed post processing for collection_doc_cache_path. (changed=False)
2024-12-07T09:36:51.793998+00:00 DEBUG 'ansible_navigator.main' Completed post processing for container_engine. (changed=True)
2024-12-07T09:36:51.794017+00:00 DEBUG 'ansible_navigator.main'  before: 'auto'
2024-12-07T09:36:51.794035+00:00 DEBUG 'ansible_navigator.main'  after: 'podman'
2024-12-07T09:36:51.794054+00:00 DEBUG 'ansible_navigator.main' Completed post processing for container_options. (changed=False)
2024-12-07T09:36:51.794073+00:00 DEBUG 'ansible_navigator.main' Completed post processing for display_color. (changed=False)
2024-12-07T09:36:51.794092+00:00 DEBUG 'ansible_navigator.main' Completed post processing for execution_environment. (changed=False)
2024-12-07T09:36:51.794111+00:00 DEBUG 'ansible_navigator.main' Completed post processing for execution_environment_image. (changed=False)
2024-12-07T09:36:51.794129+00:00 DEBUG 'ansible_navigator.main' Completed post processing for help_builder. (changed=False)
2024-12-07T09:36:51.794157+00:00 DEBUG 'ansible_navigator.main' Completed post processing for help_config. (changed=False)
2024-12-07T09:36:51.794177+00:00 DEBUG 'ansible_navigator.main' Completed post processing for help_doc. (changed=False)
2024-12-07T09:36:51.794196+00:00 DEBUG 'ansible_navigator.main' Completed post processing for help_inventory. (changed=False)
2024-12-07T09:36:51.794215+00:00 DEBUG 'ansible_navigator.main' Completed post processing for help_playbook. (changed=False)
2024-12-07T09:36:51.794235+00:00 DEBUG 'ansible_navigator.main' Completed post processing for images_details. (changed=False)
2024-12-07T09:36:51.794254+00:00 DEBUG 'ansible_navigator.main' Completed post processing for inventory. (changed=True)
2024-12-07T09:36:51.794273+00:00 DEBUG 'ansible_navigator.main'  before: 'Not set'
2024-12-07T09:36:51.794292+00:00 DEBUG 'ansible_navigator.main'  after: '['/home/student/web_server/inventory']'
2024-12-07T09:36:51.794311+00:00 DEBUG 'ansible_navigator.main' Completed post processing for inventory_column. (changed=False)
2024-12-07T09:36:51.794330+00:00 DEBUG 'ansible_navigator.main' Completed post processing for log_file. (changed=False)
2024-12-07T09:36:51.794348+00:00 DEBUG 'ansible_navigator.main' Completed post processing for pass_environment_variable. (changed=False)
2024-12-07T09:36:51.794367+00:00 DEBUG 'ansible_navigator.main' Completed post processing for playbook. (changed=True)
2024-12-07T09:36:51.794386+00:00 DEBUG 'ansible_navigator.main'  before: 'alias.yml'
2024-12-07T09:36:51.794405+00:00 DEBUG 'ansible_navigator.main'  after: '/home/student/web_server/alias.yml'
2024-12-07T09:36:51.794423+00:00 DEBUG 'ansible_navigator.main' Completed post processing for playbook_artifact_replay. (changed=False)
2024-12-07T09:36:51.794442+00:00 DEBUG 'ansible_navigator.main' Completed post processing for playbook_artifact_save_as. (changed=False)
2024-12-07T09:36:51.794461+00:00 DEBUG 'ansible_navigator.main' Completed post processing for plugin_name. (changed=False)
2024-12-07T09:36:51.794480+00:00 DEBUG 'ansible_navigator.main' Completed post processing for pull_arguments. (changed=False)
2024-12-07T09:36:51.794498+00:00 DEBUG 'ansible_navigator.main' Completed post processing for set_environment_variable. (changed=False)
2024-12-07T09:36:51.794518+00:00 DEBUG 'ansible_navigator.main' Completed post processing for settings_effective. (changed=False)
2024-12-07T09:36:51.794536+00:00 DEBUG 'ansible_navigator.main' Completed post processing for settings_sample. (changed=False)
2024-12-07T09:36:51.794555+00:00 DEBUG 'ansible_navigator.main' Completed post processing for settings_schema. (changed=False)
2024-12-07T09:36:51.794574+00:00 DEBUG 'ansible_navigator.main' Completed post processing for settings_sources. (changed=False)
2024-12-07T09:36:51.794593+00:00 DEBUG 'ansible_navigator.main' Completed post processing for time_zone. (changed=False)
2024-12-07T09:36:51.794611+00:00 DEBUG 'ansible_navigator.main' Completed post processing for execution_environment_volume_mounts. (changed=False)
2024-12-07T09:36:51.794630+00:00 DEBUG 'ansible_navigator.main' Completed post processing for mode. (changed=False)
2024-12-07T09:36:51.794653+00:00 WARNING 'ansible_navigator.main' Configuration errors encountered, rolling back to previous configuration.
2024-12-07T09:36:51.794688+00:00 DEBUG 'ansible_navigator.main' Prior to rollback: ansible_runner_artifact_dir = 'Not set' (Constants/Not set)
2024-12-07T09:36:51.794712+00:00 DEBUG 'ansible_navigator.main' Prior to rollback: ansible_runner_rotate_artifacts_count = 'Not set' (Constants/Not set)
2024-12-07T09:36:51.794732+00:00 DEBUG 'ansible_navigator.main' Prior to rollback: ansible_runner_timeout = 'Not set' (Constants/Not set)
2024-12-07T09:36:51.794750+00:00 DEBUG 'ansible_navigator.main' Prior to rollback: app = 'run' (str/Command line)
2024-12-07T09:36:51.794769+00:00 DEBUG 'ansible_navigator.main' Prior to rollback: cmdline = 'Not set' (Constants/Not set)
2024-12-07T09:36:51.794792+00:00 DEBUG 'ansible_navigator.main' Prior to rollback: collection_doc_cache_path = '/home/student/.cache/ansible-navigator/collection_doc_cache.db' (str/Defaults)
2024-12-07T09:36:51.794822+00:00 DEBUG 'ansible_navigator.main' Prior to rollback: config = 'Not set' (Constants/Not set)
2024-12-07T09:36:51.794842+00:00 DEBUG 'ansible_navigator.main' Prior to rollback: container_engine = 'podman' (str/Automatically determined)
2024-12-07T09:36:51.794861+00:00 DEBUG 'ansible_navigator.main' Prior to rollback: container_options = 'Not set' (Constants/Not set)
2024-12-07T09:36:51.794879+00:00 DEBUG 'ansible_navigator.main' Prior to rollback: display_color = 'True' (bool/Defaults)
2024-12-07T09:36:51.794898+00:00 DEBUG 'ansible_navigator.main' Prior to rollback: editor_command = 'vi +{line_number} {filename}' (str/Defaults)
2024-12-07T09:36:51.794929+00:00 DEBUG 'ansible_navigator.main' Prior to rollback: editor_console = 'True' (bool/Defaults)
2024-12-07T09:36:51.794947+00:00 DEBUG 'ansible_navigator.main' Prior to rollback: exec_command = '/bin/bash' (str/Defaults)
2024-12-07T09:36:51.794966+00:00 DEBUG 'ansible_navigator.main' Prior to rollback: exec_shell = 'True' (bool/Defaults)
2024-12-07T09:36:51.794985+00:00 DEBUG 'ansible_navigator.main' Prior to rollback: execution_environment = 'True' (bool/Defaults)
2024-12-07T09:36:51.795003+00:00 DEBUG 'ansible_navigator.main' Prior to rollback: execution_environment_image = 'ee-supported-rhel8:latest' (str/Command line)
2024-12-07T09:36:51.795022+00:00 DEBUG 'ansible_navigator.main' Prior to rollback: execution_environment_volume_mounts = 'Not set' (Constants/Not set)
2024-12-07T09:36:51.795040+00:00 DEBUG 'ansible_navigator.main' Prior to rollback: help_builder = 'False' (bool/Defaults)
2024-12-07T09:36:51.795059+00:00 DEBUG 'ansible_navigator.main' Prior to rollback: help_config = 'False' (bool/Defaults)
2024-12-07T09:36:51.795077+00:00 DEBUG 'ansible_navigator.main' Prior to rollback: help_doc = 'False' (bool/Defaults)
2024-12-07T09:36:51.795096+00:00 DEBUG 'ansible_navigator.main' Prior to rollback: help_inventory = 'False' (bool/Defaults)
2024-12-07T09:36:51.795115+00:00 DEBUG 'ansible_navigator.main' Prior to rollback: help_playbook = 'False' (bool/Defaults)
2024-12-07T09:36:51.795133+00:00 DEBUG 'ansible_navigator.main' Prior to rollback: images_details = '['everything']' (list/Defaults)
2024-12-07T09:36:51.795152+00:00 DEBUG 'ansible_navigator.main' Prior to rollback: inventory = '['/home/student/web_server/inventory']' (list/Ansible configuration file)
2024-12-07T09:36:51.795170+00:00 DEBUG 'ansible_navigator.main' Prior to rollback: inventory_column = 'Not set' (Constants/Not set)
2024-12-07T09:36:51.795189+00:00 DEBUG 'ansible_navigator.main' Prior to rollback: lint_config = 'Not set' (Constants/Not set)
2024-12-07T09:36:51.795208+00:00 DEBUG 'ansible_navigator.main' Prior to rollback: lintables = 'Not set' (Constants/Not set)
2024-12-07T09:36:51.795226+00:00 DEBUG 'ansible_navigator.main' Prior to rollback: log_append = 'True' (bool/Defaults)
2024-12-07T09:36:51.795245+00:00 DEBUG 'ansible_navigator.main' Prior to rollback: log_file = '/home/student/web_server/ansible-navigator.log' (str/Defaults)
2024-12-07T09:36:51.795264+00:00 DEBUG 'ansible_navigator.main' Prior to rollback: log_level = 'warning' (str/Defaults)
2024-12-07T09:36:51.795282+00:00 DEBUG 'ansible_navigator.main' Prior to rollback: mode = 'stdoud' (str/Command line)
2024-12-07T09:36:51.795301+00:00 DEBUG 'ansible_navigator.main' Prior to rollback: osc4 = 'True' (bool/Defaults)
2024-12-07T09:36:51.795320+00:00 DEBUG 'ansible_navigator.main' Prior to rollback: pass_environment_variable = 'Not set' (Constants/Not set)
2024-12-07T09:36:51.795338+00:00 DEBUG 'ansible_navigator.main' Prior to rollback: playbook = '/home/student/web_server/alias.yml' (str/Command line)
2024-12-07T09:36:51.795357+00:00 DEBUG 'ansible_navigator.main' Prior to rollback: playbook_artifact_enable = 'True' (bool/Defaults)
2024-12-07T09:36:51.795376+00:00 DEBUG 'ansible_navigator.main' Prior to rollback: playbook_artifact_replay = 'Not set' (Constants/Not set)
2024-12-07T09:36:51.795398+00:00 DEBUG 'ansible_navigator.main' Prior to rollback: playbook_artifact_save_as = '{playbook_dir}/{playbook_name}-artifact-{time_stamp}.json' (str/Defaults)
2024-12-07T09:36:51.795417+00:00 DEBUG 'ansible_navigator.main' Prior to rollback: plugin_name = 'Not set' (Constants/Not set)
2024-12-07T09:36:51.795435+00:00 DEBUG 'ansible_navigator.main' Prior to rollback: plugin_type = 'module' (str/Defaults)
2024-12-07T09:36:51.795454+00:00 DEBUG 'ansible_navigator.main' Prior to rollback: pull_arguments = 'Not set' (Constants/Not set)
2024-12-07T09:36:51.795473+00:00 DEBUG 'ansible_navigator.main' Prior to rollback: pull_policy = 'tag' (str/Defaults)
2024-12-07T09:36:51.795491+00:00 DEBUG 'ansible_navigator.main' Prior to rollback: set_environment_variable = 'Not set' (Constants/Not set)
2024-12-07T09:36:51.795510+00:00 DEBUG 'ansible_navigator.main' Prior to rollback: settings_effective = 'False' (bool/Defaults)
2024-12-07T09:36:51.795528+00:00 DEBUG 'ansible_navigator.main' Prior to rollback: settings_sample = 'False' (bool/Defaults)
2024-12-07T09:36:51.795547+00:00 DEBUG 'ansible_navigator.main' Prior to rollback: settings_schema = 'json' (str/Defaults)
2024-12-07T09:36:51.795566+00:00 DEBUG 'ansible_navigator.main' Prior to rollback: settings_sources = 'False' (bool/Defaults)
2024-12-07T09:36:51.795584+00:00 DEBUG 'ansible_navigator.main' Prior to rollback: time_zone = 'UTC' (str/Defaults)
2024-12-07T09:36:51.795603+00:00 DEBUG 'ansible_navigator.main' Prior to rollback: workdir = '/home/student/web_server' (str/Defaults)
2024-12-07T09:36:51.795622+00:00 DEBUG 'ansible_navigator.main' After rollback: ansible_runner_artifact_dir = 'Not set' (Constants/Not set)
2024-12-07T09:36:51.795640+00:00 DEBUG 'ansible_navigator.main' After rollback: ansible_runner_rotate_artifacts_count = 'Not set' (Constants/Not set)
2024-12-07T09:36:51.795660+00:00 DEBUG 'ansible_navigator.main' After rollback: ansible_runner_timeout = 'Not set' (Constants/Not set)
2024-12-07T09:36:51.795689+00:00 DEBUG 'ansible_navigator.main' After rollback: app = 'Not set' (Constants/Not set)
2024-12-07T09:36:51.795708+00:00 DEBUG 'ansible_navigator.main' After rollback: cmdline = 'Not set' (Constants/Not set)
2024-12-07T09:36:51.795727+00:00 DEBUG 'ansible_navigator.main' After rollback: collection_doc_cache_path = 'Not set' (Constants/Not set)
2024-12-07T09:36:51.795746+00:00 DEBUG 'ansible_navigator.main' After rollback: config = 'Not set' (Constants/Not set)
2024-12-07T09:36:51.795764+00:00 DEBUG 'ansible_navigator.main' After rollback: container_engine = 'Not set' (Constants/Not set)
2024-12-07T09:36:51.795783+00:00 DEBUG 'ansible_navigator.main' After rollback: container_options = 'Not set' (Constants/Not set)
2024-12-07T09:36:51.795807+00:00 DEBUG 'ansible_navigator.main' After rollback: display_color = 'Not set' (Constants/Not set)
2024-12-07T09:36:51.795830+00:00 DEBUG 'ansible_navigator.main' After rollback: editor_command = 'Not set' (Constants/Not set)
2024-12-07T09:36:51.795849+00:00 DEBUG 'ansible_navigator.main' After rollback: editor_console = 'Not set' (Constants/Not set)
2024-12-07T09:36:51.795867+00:00 DEBUG 'ansible_navigator.main' After rollback: exec_command = 'Not set' (Constants/Not set)
2024-12-07T09:36:51.795886+00:00 DEBUG 'ansible_navigator.main' After rollback: exec_shell = 'Not set' (Constants/Not set)
2024-12-07T09:36:51.795916+00:00 DEBUG 'ansible_navigator.main' After rollback: execution_environment = 'Not set' (Constants/Not set)
2024-12-07T09:36:51.795936+00:00 DEBUG 'ansible_navigator.main' After rollback: execution_environment_image = 'Not set' (Constants/Not set)
2024-12-07T09:36:51.795955+00:00 DEBUG 'ansible_navigator.main' After rollback: execution_environment_volume_mounts = 'Not set' (Constants/Not set)
2024-12-07T09:36:51.795974+00:00 DEBUG 'ansible_navigator.main' After rollback: help_builder = 'Not set' (Constants/Not set)
2024-12-07T09:36:51.795992+00:00 DEBUG 'ansible_navigator.main' After rollback: help_config = 'Not set' (Constants/Not set)
2024-12-07T09:36:51.796011+00:00 DEBUG 'ansible_navigator.main' After rollback: help_doc = 'Not set' (Constants/Not set)
2024-12-07T09:36:51.796037+00:00 DEBUG 'ansible_navigator.main' After rollback: help_inventory = 'Not set' (Constants/Not set)
2024-12-07T09:36:51.796058+00:00 DEBUG 'ansible_navigator.main' After rollback: help_playbook = 'Not set' (Constants/Not set)
2024-12-07T09:36:51.796076+00:00 DEBUG 'ansible_navigator.main' After rollback: images_details = 'Not set' (Constants/Not set)
2024-12-07T09:36:51.796095+00:00 DEBUG 'ansible_navigator.main' After rollback: inventory = 'Not set' (Constants/Not set)
2024-12-07T09:36:51.796113+00:00 DEBUG 'ansible_navigator.main' After rollback: inventory_column = 'Not set' (Constants/Not set)
2024-12-07T09:36:51.796132+00:00 DEBUG 'ansible_navigator.main' After rollback: lint_config = 'Not set' (Constants/Not set)
2024-12-07T09:36:51.796151+00:00 DEBUG 'ansible_navigator.main' After rollback: lintables = 'Not set' (Constants/Not set)
2024-12-07T09:36:51.796170+00:00 DEBUG 'ansible_navigator.main' After rollback: log_append = 'Not set' (Constants/Not set)
2024-12-07T09:36:51.796188+00:00 DEBUG 'ansible_navigator.main' After rollback: log_file = 'Not set' (Constants/Not set)
2024-12-07T09:36:51.796206+00:00 DEBUG 'ansible_navigator.main' After rollback: log_level = 'Not set' (Constants/Not set)
2024-12-07T09:36:51.796226+00:00 DEBUG 'ansible_navigator.main' After rollback: mode = 'Not set' (Constants/Not set)
2024-12-07T09:36:51.796244+00:00 DEBUG 'ansible_navigator.main' After rollback: osc4 = 'Not set' (Constants/Not set)
2024-12-07T09:36:51.796263+00:00 DEBUG 'ansible_navigator.main' After rollback: pass_environment_variable = 'Not set' (Constants/Not set)
2024-12-07T09:36:51.796281+00:00 DEBUG 'ansible_navigator.main' After rollback: playbook = 'Not set' (Constants/Not set)
2024-12-07T09:36:51.796300+00:00 DEBUG 'ansible_navigator.main' After rollback: playbook_artifact_enable = 'Not set' (Constants/Not set)
2024-12-07T09:36:51.796319+00:00 DEBUG 'ansible_navigator.main' After rollback: playbook_artifact_replay = 'Not set' (Constants/Not set)
2024-12-07T09:36:51.796337+00:00 DEBUG 'ansible_navigator.main' After rollback: playbook_artifact_save_as = 'Not set' (Constants/Not set)
2024-12-07T09:36:51.796356+00:00 DEBUG 'ansible_navigator.main' After rollback: plugin_name = 'Not set' (Constants/Not set)
2024-12-07T09:36:51.796375+00:00 DEBUG 'ansible_navigator.main' After rollback: plugin_type = 'Not set' (Constants/Not set)
2024-12-07T09:36:51.796394+00:00 DEBUG 'ansible_navigator.main' After rollback: pull_arguments = 'Not set' (Constants/Not set)
2024-12-07T09:36:51.796413+00:00 DEBUG 'ansible_navigator.main' After rollback: pull_policy = 'Not set' (Constants/Not set)
2024-12-07T09:36:51.796432+00:00 DEBUG 'ansible_navigator.main' After rollback: set_environment_variable = 'Not set' (Constants/Not set)
2024-12-07T09:36:51.796451+00:00 DEBUG 'ansible_navigator.main' After rollback: settings_effective = 'Not set' (Constants/Not set)
2024-12-07T09:36:51.796469+00:00 DEBUG 'ansible_navigator.main' After rollback: settings_sample = 'Not set' (Constants/Not set)
2024-12-07T09:36:51.796488+00:00 DEBUG 'ansible_navigator.main' After rollback: settings_schema = 'Not set' (Constants/Not set)
2024-12-07T09:36:51.796507+00:00 DEBUG 'ansible_navigator.main' After rollback: settings_sources = 'Not set' (Constants/Not set)
2024-12-07T09:36:51.796525+00:00 DEBUG 'ansible_navigator.main' After rollback: time_zone = 'Not set' (Constants/Not set)
2024-12-07T09:36:51.796544+00:00 DEBUG 'ansible_navigator.main' After rollback: workdir = 'Not set' (Constants/Not set)
2024-12-07T09:36:51.796563+00:00 DEBUG 'ansible_navigator.main' Configuration rollback complete.
2024-12-07T09:36:51.796582+00:00 DEBUG 'ansible_navigator.main' Collection doc cache not mounted
2024-12-07T09:36:51.796611+00:00 WARNING 'ansible_navigator.main' Issues were found while applying the settings.
2024-12-07T09:36:51.796633+00:00 INFO 'ansible_navigator.main' Command provided: 'run alias.yml -m stdoud --eei ee-supported-rhel8:latest'
2024-12-07T09:36:51.796664+00:00 ERROR 'ansible_navigator.main' The setting 'mode' must be one of 'stdout' or 'interactive', but set as 'stdoud'. (Command line)
2024-12-07T09:36:51.796701+00:00 INFO 'ansible_navigator.main' Try again with '-m stdout' or '-m interactive'
2024-12-07T09:36:51.796723+00:00 INFO 'ansible_navigator.main' Configuration failed, using default log file location. (/home/student/web_server/ansible-navigator.log) Log level set to debug
2024-12-07T09:36:51.796744+00:00 INFO 'ansible_navigator.main' Review the hints and log file to see what went wrong.
